<?xml version="1.0" encoding="UTF-8"?>
<testng-results skipped="0" failed="0" total="1" passed="1">
  <reporter-output>
  </reporter-output>
  <suite name="Default suite" duration-ms="5591" started-at="2020-06-18T23:15:01Z" finished-at="2020-06-18T23:15:07Z">
    <groups>
    </groups>
    <test name="Default test" duration-ms="5591" started-at="2020-06-18T23:15:01Z" finished-at="2020-06-18T23:15:07Z">
      <class name="webtable.PrintHeaders">
        <test-method status="PASS" signature="headers()[pri:0, instance:webtable.PrintHeaders@6cc4c815]" name="headers" duration-ms="5541" started-at="2020-06-18T19:15:01Z" finished-at="2020-06-18T19:15:07Z">
          <reporter-output>
          </reporter-output>
        </test-method> <!-- headers -->
      </class> <!-- webtable.PrintHeaders -->
    </test> <!-- Default test -->
  </suite> <!-- Default suite -->
</testng-results>
